Build started 15.02.2016 17:55:59.
     1>Project "c:\Users\caldor.homee.000\documents\visual studio 2013\Projects\ConsoleApplication1\ConsoleApplication1\ConsoleApplication1.vcxproj" on node 2 (Build target(s)).
     1>ClCompile:
         C:\Program Files (x86)\Microsoft Visual Studio 12.0\VC\bin\CL.exe /c /I"C:\Program Files\opencv\build\x64\vc14\..\..\include\\" /I"C:\Program Files\opencv\build\x64\vc14\..\..\include\opencv" /I"C:\Program Files\opencv\build\x64\vc14\..\..\include\opencv2" /I"C:\Program Files\opencv\build\x64\vc14\..\..\include\opencv2\core" /I"C:\Program Files\opencv\build\x64\vc14\..\..\include\opencv2\highgui" /I"C:\Program Files\opencv\build\x64\vc14\..\..\include\opencv2\objdetect" /I"C:\Program Files\opencv\build\x64\vc14\..\..\include\opencv2\photo" /I"C:\Program Files\opencv\build\x64\vc14\..\..\include\opencv2\imgproc" /ZI /nologo /W3 /WX- /sdl /Od /Oy- /D WIN32 /D _DEBUG /D _CONSOLE /D _LIB /D _UNICODE /D UNICODE /Gm /EHsc /RTC1 /MDd /GS /fp:precise /Zc:wchar_t /Zc:forScope /Yu"stdafx.h" /Fp"Debug\ConsoleApplication1.pch" /Fo"Debug\\" /Fd"Debug\vc120.pdb" /Gd /TP /analyze- /errorReport:prompt ConsoleApplication1.cpp
         ConsoleApplication1.cpp
       Link:
         C:\Program Files (x86)\Microsoft Visual Studio 12.0\VC\bin\link.exe /ERRORREPORT:PROMPT /OUT:"c:\users\caldor.homee.000\documents\visual studio 2013\Projects\ConsoleApplication1\Debug\ConsoleApplication1.exe" /INCREMENTAL /NOLOGO /LIBPATH:"C:\Program Files\opencv\build\x64\vc14\lib" opencv_world310.lib kernel32.lib user32.lib gdi32.lib winspool.lib comdlg32.lib advapi32.lib shell32.lib ole32.lib oleaut32.lib uuid.lib odbc32.lib odbccp32.lib /MANIFEST /MANIFESTUAC:"level='asInvoker' uiAccess='false'" /manifest:embed /DEBUG /PDB:"c:\users\caldor.homee.000\documents\visual studio 2013\Projects\ConsoleApplication1\Debug\ConsoleApplication1.pdb" /SUBSYSTEM:CONSOLE /TLBID:1 /DYNAMICBASE /NXCOMPAT /IMPLIB:"c:\users\caldor.homee.000\documents\visual studio 2013\Projects\ConsoleApplication1\Debug\ConsoleApplication1.lib" /MACHINE:X86 Debug\ConsoleApplication1.obj
         Debug\stdafx.obj
     1>ConsoleApplication1.obj : error LNK2019: unresolved external symbol _cvCreateImage referenced in function _wmain
     1>c:\users\caldor.homee.000\documents\visual studio 2013\Projects\ConsoleApplication1\Debug\ConsoleApplication1.exe : fatal error LNK1120: 1 unresolved externals
     1>Done Building Project "c:\Users\caldor.homee.000\documents\visual studio 2013\Projects\ConsoleApplication1\ConsoleApplication1\ConsoleApplication1.vcxproj" (Build target(s)) -- FAILED.

Build FAILED.

Time Elapsed 00:00:02.72
